The system is: Windows - 10.0.22621 - AMD64
Compiling the C compiler identification source file "CMakeCCompilerId.c" succeeded.
Compiler:  
Build flags: 
Id flags:  

The output was:
0
MSBuild version 17.3.1+2badb37d1 for .NET Framework
빌드 시작: 2023-04-03 오후 1:00:16
1 노드의 "C:\AboutProgramming\programming_folder\build\CMakeFiles\3.23.22060601-MSVC_2\CompilerIdC\CompilerIdC.vcxproj" 프로젝트(기본 대상)입니다.
PrepareForBuild:
  "Debug\" 디렉터리를 만들고 있습니다.
  "Debug\CompilerIdC.tlog\" 디렉터리를 만들고 있습니다.
InitializeBuildStatus:
  "AlwaysCreate"이(가) 지정되었기 때문에 "Debug\CompilerIdC.tlog\unsuccessfulbuild"을(를) 만들고 있습니다.
ClCompile:
  C:\Program Files\Microsoft Visual Studio\2022\Community\VC\Tools\MSVC\14.33.31629\bin\HostX86\x86\CL.exe /c /nologo /W0 /WX- /diagnostics:column /Od /Oy- /D _MBCS /Gm- /EHsc /RTC1 /MDd /GS /fp:precise /Zc:wchar_t /Zc:forScope /Zc:inline /Fo"Debug\\" /Fd"Debug\vc143.pdb" /external:W0 /Gd /TC /analyze- /FC /errorReport:queue CMakeCCompilerId.c
  CMakeCCompilerId.c
Link:
  C:\Program Files\Microsoft Visual Studio\2022\Community\VC\Tools\MSVC\14.33.31629\bin\HostX86\x86\link.exe /ERRORREPORT:QUEUE /OUT:".\CompilerIdC.exe" /INCREMENTAL:NO /NOLOGO kernel32.lib user32.lib gdi32.lib winspool.lib comdlg32.lib advapi32.lib shell32.lib ole32.lib oleaut32.lib uuid.lib odbc32.lib odbccp32.lib /MANIFEST /MANIFESTUAC:"level='asInvoker' uiAccess='false'" /manifest:embed /PDB:".\CompilerIdC.pdb" /SUBSYSTEM:CONSOLE /TLBID:1 /DYNAMICBASE /NXCOMPAT /IMPLIB:".\CompilerIdC.lib" /MACHINE:X86 /SAFESEH Debug\CMakeCCompilerId.obj
  CompilerIdC.vcxproj -> C:\AboutProgramming\programming_folder\build\CMakeFiles\3.23.22060601-MSVC_2\CompilerIdC\CompilerIdC.exe
PostBuildEvent:
  for %%i in (cl.exe) do @echo CMAKE_C_COMPILER=%%~$PATH:i
  :VCEnd
  CMAKE_C_COMPILER=C:\Program Files\Microsoft Visual Studio\2022\Community\VC\Tools\MSVC\14.33.31629\bin\Hostx86\x86\cl.exe
FinalizeBuildStatus:
  "Debug\CompilerIdC.tlog\unsuccessfulbuild" 파일을 삭제하고 있습니다.
  "Debug\CompilerIdC.tlog\CompilerIdC.lastbuildstate"에 연결(touching)하고 있습니다.
"C:\AboutProgramming\programming_folder\build\CMakeFiles\3.23.22060601-MSVC_2\CompilerIdC\CompilerIdC.vcxproj" 프로젝트를 빌드했습니다(기본 대상).

빌드했습니다.
    경고 0개
    오류 0개

경과 시간: 00:00:01.87


Compilation of the C compiler identification source "CMakeCCompilerId.c" produced "CompilerIdC.exe"

Compilation of the C compiler identification source "CMakeCCompilerId.c" produced "CompilerIdC.vcxproj"

The C compiler identification is MSVC, found in "C:/AboutProgramming/programming_folder/build/CMakeFiles/3.23.22060601-MSVC_2/CompilerIdC/CompilerIdC.exe"

Compiling the CXX compiler identification source file "CMakeCXXCompilerId.cpp" succeeded.
Compiler:  
Build flags: 
Id flags:  

The output was:
0
MSBuild version 17.3.1+2badb37d1 for .NET Framework
빌드 시작: 2023-04-03 오후 1:00:18
1 노드의 "C:\AboutProgramming\programming_folder\build\CMakeFiles\3.23.22060601-MSVC_2\CompilerIdCXX\CompilerIdCXX.vcxproj" 프로젝트(기본 대상)입니다.
PrepareForBuild:
  "Debug\" 디렉터리를 만들고 있습니다.
  "Debug\CompilerIdCXX.tlog\" 디렉터리를 만들고 있습니다.
InitializeBuildStatus:
  "AlwaysCreate"이(가) 지정되었기 때문에 "Debug\CompilerIdCXX.tlog\unsuccessfulbuild"을(를) 만들고 있습니다.
ClCompile:
  C:\Program Files\Microsoft Visual Studio\2022\Community\VC\Tools\MSVC\14.33.31629\bin\HostX86\x86\CL.exe /c /nologo /W0 /WX- /diagnostics:column /Od /Oy- /D _MBCS /Gm- /EHsc /RTC1 /MDd /GS /fp:precise /Zc:wchar_t /Zc:forScope /Zc:inline /Fo"Debug\\" /Fd"Debug\vc143.pdb" /external:W0 /Gd /TP /analyze- /FC /errorReport:queue CMakeCXXCompilerId.cpp
  CMakeCXXCompilerId.cpp
Link:
  C:\Program Files\Microsoft Visual Studio\2022\Community\VC\Tools\MSVC\14.33.31629\bin\HostX86\x86\link.exe /ERRORREPORT:QUEUE /OUT:".\CompilerIdCXX.exe" /INCREMENTAL:NO /NOLOGO kernel32.lib user32.lib gdi32.lib winspool.lib comdlg32.lib advapi32.lib shell32.lib ole32.lib oleaut32.lib uuid.lib odbc32.lib odbccp32.lib /MANIFEST /MANIFESTUAC:"level='asInvoker' uiAccess='false'" /manifest:embed /PDB:".\CompilerIdCXX.pdb" /SUBSYSTEM:CONSOLE /TLBID:1 /DYNAMICBASE /NXCOMPAT /IMPLIB:".\CompilerIdCXX.lib" /MACHINE:X86 /SAFESEH Debug\CMakeCXXCompilerId.obj
  CompilerIdCXX.vcxproj -> C:\AboutProgramming\programming_folder\build\CMakeFiles\3.23.22060601-MSVC_2\CompilerIdCXX\CompilerIdCXX.exe
PostBuildEvent:
  for %%i in (cl.exe) do @echo CMAKE_CXX_COMPILER=%%~$PATH:i
  :VCEnd
  CMAKE_CXX_COMPILER=C:\Program Files\Microsoft Visual Studio\2022\Community\VC\Tools\MSVC\14.33.31629\bin\Hostx86\x86\cl.exe
FinalizeBuildStatus:
  "Debug\CompilerIdCXX.tlog\unsuccessfulbuild" 파일을 삭제하고 있습니다.
  "Debug\CompilerIdCXX.tlog\CompilerIdCXX.lastbuildstate"에 연결(touching)하고 있습니다.
"C:\AboutProgramming\programming_folder\build\CMakeFiles\3.23.22060601-MSVC_2\CompilerIdCXX\CompilerIdCXX.vcxproj" 프로젝트를 빌드했습니다(기본 대상).

빌드했습니다.
    경고 0개
    오류 0개

경과 시간: 00:00:00.96


Compilation of the CXX compiler identification source "CMakeCXXCompilerId.cpp" produced "CompilerIdCXX.exe"

Compilation of the CXX compiler identification source "CMakeCXXCompilerId.cpp" produced "CompilerIdCXX.vcxproj"

The CXX compiler identification is MSVC, found in "C:/AboutProgramming/programming_folder/build/CMakeFiles/3.23.22060601-MSVC_2/CompilerIdCXX/CompilerIdCXX.exe"

Detecting C compiler ABI info compiled with the following output:
Change Dir: C:/AboutProgramming/programming_folder/build/CMakeFiles/CMakeTmp

Run Build Command(s):C:/Program Files/Microsoft Visual Studio/2022/Community/MSBuild/Current/Bin/amd64/MSBuild.exe cmTC_b9ca0.vcxproj /p:Configuration=Debug /p:Platform=win32 /p:VisualStudioVersion=17.0 /v:m && MSBuild version 17.3.1+2badb37d1 for .NET Framework
  x86용 Microsoft (R) C/C++ 최적화 컴파일러 버전 19.33.31630
  CMakeCCompilerABI.c
  Copyright (c) Microsoft Corporation. All rights reserved.
  cl /c /Zi /W3 /WX- /diagnostics:column /Od /Ob0 /Oy- /D _MBCS /D WIN32 /D _WINDOWS /D "CMAKE_INTDIR=\"Debug\"" /Gm- /RTC1 /MDd /GS /fp:precise /Zc:wchar_t /Zc:forScope /Zc:inline /Fo"cmTC_b9ca0.dir\Debug\\" /Fd"cmTC_b9ca0.dir\Debug\vc143.pdb" /external:W3 /Gd /TC /analyze- /errorReport:queue "C:\Program Files\Microsoft Visual Studio\2022\Community\Common7\IDE\CommonExtensions\Microsoft\CMake\CMake\share\cmake-3.23\Modules\CMakeCCompilerABI.c"
  cmTC_b9ca0.vcxproj -> C:\AboutProgramming\programming_folder\build\CMakeFiles\CMakeTmp\Debug\cmTC_b9ca0.exe



Detecting CXX compiler ABI info compiled with the following output:
Change Dir: C:/AboutProgramming/programming_folder/build/CMakeFiles/CMakeTmp

Run Build Command(s):C:/Program Files/Microsoft Visual Studio/2022/Community/MSBuild/Current/Bin/amd64/MSBuild.exe cmTC_252ba.vcxproj /p:Configuration=Debug /p:Platform=win32 /p:VisualStudioVersion=17.0 /v:m && MSBuild version 17.3.1+2badb37d1 for .NET Framework
  x86용 Microsoft (R) C/C++ 최적화 컴파일러 버전 19.33.31630
  CMakeCXXCompilerABI.cpp
  Copyright (c) Microsoft Corporation. All rights reserved.
  cl /c /Zi /W3 /WX- /diagnostics:column /Od /Ob0 /Oy- /D _MBCS /D WIN32 /D _WINDOWS /D "CMAKE_INTDIR=\"Debug\"" /Gm- /EHsc /RTC1 /MDd /GS /fp:precise /Zc:wchar_t /Zc:forScope /Zc:inline /GR /Fo"cmTC_252ba.dir\Debug\\" /Fd"cmTC_252ba.dir\Debug\vc143.pdb" /external:W3 /Gd /TP /analyze- /errorReport:queue "C:\Program Files\Microsoft Visual Studio\2022\Community\Common7\IDE\CommonExtensions\Microsoft\CMake\CMake\share\cmake-3.23\Modules\CMakeCXXCompilerABI.cpp"
  cmTC_252ba.vcxproj -> C:\AboutProgramming\programming_folder\build\CMakeFiles\CMakeTmp\Debug\cmTC_252ba.exe



